<?xml version="1.0" encoding="UTF-8"?>
<!-- Generated by org.testng.reporters.JUnitReportReporter -->
<testsuite hostname="SYN-MP11RA8M" name="org.Openmrs.tests.LoginTest" tests="1" failures="0" timestamp="18 Jan 2018 15:15:57 GMT" time="1.733" errors="0">
  <testcase name="logintst" time="1.733" classname="org.Openmrs.tests.LoginTest"/>
</testsuite> <!-- org.Openmrs.tests.LoginTest -->
