<?xml version="1.0" encoding="UTF-8"?>
<!-- Generated by org.testng.reporters.JUnitReportReporter -->
<testsuite hostname="SYN-MP11RA8M" name="org.Openmrs.tests.FindPatientRecordTest" tests="1" failures="0" timestamp="18 Jan 2018 15:15:57 GMT" time="5.289" errors="0">
  <testcase name="findrecord" time="5.289" classname="org.Openmrs.tests.FindPatientRecordTest"/>
</testsuite> <!-- org.Openmrs.tests.FindPatientRecordTest -->
