<?xml version="1.0" encoding="UTF-8"?>
<!-- Generated by org.testng.reporters.JUnitReportReporter -->
<testsuite hostname="SYN-MP11RA8M" name="org.Openmrs.tests.LoginTest" tests="1" failures="0" timestamp="11 Jan 2018 02:06:53 GMT" time="1.641" errors="0">
  <testcase name="logintst" time="1.641" classname="org.Openmrs.tests.LoginTest"/>
</testsuite> <!-- org.Openmrs.tests.LoginTest -->
