<?xml version="1.0" encoding="UTF-8"?>
<!-- Generated by org.testng.reporters.JUnitReportReporter -->
<testsuite hostname="SYN-MP11RA8M" name="org.Openmrs.tests.ActiveVisitTests" tests="1" failures="0" timestamp="18 Jan 2018 15:15:57 GMT" time="8.583" errors="0">
  <testcase name="activevisitTc" time="8.583" classname="org.Openmrs.tests.ActiveVisitTests"/>
</testsuite> <!-- org.Openmrs.tests.ActiveVisitTests -->
