<?xml version="1.0" encoding="UTF-8"?>
<!-- Generated by org.testng.reporters.JUnitReportReporter -->
<testsuite hostname="SYN-MP11RA8M" name="org.Openmrs.tests.ActiveVisitTests" tests="1" failures="0" timestamp="11 Jan 2018 02:06:53 GMT" time="9.916" errors="0">
  <testcase name="activevisitTc" time="9.916" classname="org.Openmrs.tests.ActiveVisitTests"/>
</testsuite> <!-- org.Openmrs.tests.ActiveVisitTests -->
